# JRE version: OpenJDK Runtime Environment (8.0_292-b10) (build 1.8.0_292-b10)
# Java VM: OpenJDK 64-Bit Server VM (25.292-b10 mixed mode bsd-amd64 compressed oops)
Heap:
 PSYoungGen      total 335872K, used 76416K [0x000000076ab00000, 0x0000000783d00000, 0x00000007c0000000)
  eden space 274944K, 10% used [0x000000076ab00000,0x000000076c6800f0,0x000000077b780000)
  from space 60928K, 79% used [0x000000077f900000,0x00000007828200e8,0x0000000783480000)
  to   space 67072K, 0% used [0x000000077b780000,0x000000077b780000,0x000000077f900000)
 ParOldGen       total 718848K, used 385229K [0x00000006c0000000, 0x00000006ebe00000, 0x000000076ab00000)
  object space 718848K, 53% used [0x00000006c0000000,0x00000006d78334d0,0x00000006ebe00000)
 Metaspace       used 79124K, capacity 82876K, committed 82968K, reserved 1122304K
  class space    used 9372K, capacity 9977K, committed 10008K, reserved 1048576K
GC Heap History (10 events):
Event: 19.931 GC heap before
{Heap before GC invocations=22 (full 3):
 PSYoungGen      total 240640K, used 237436K [0x000000076ab00000, 0x000000077a480000, 0x00000007c0000000)
  eden space 228864K, 100% used [0x000000076ab00000,0x0000000778a80000,0x0000000778a80000)
  from space 11776K, 72% used [0x0000000779900000,0x000000077a15f198,0x000000077a480000)
  to   space 13312K, 0% used [0x0000000778a80000,0x0000000778a80000,0x0000000779780000)
 ParOldGen       total 291840K, used 54872K [0x00000006c0000000, 0x00000006d1d00000, 0x000000076ab00000)
  object space 291840K, 18% used [0x00000006c0000000,0x00000006c3596318,0x00000006d1d00000)
 Metaspace       used 64539K, capacity 67194K, committed 67480K, reserved 1107968K
  class space    used 7602K, capacity 8024K, committed 8088K, reserved 1048576K
Event: 19.973 GC heap after
Heap after GC invocations=22 (full 3):
 PSYoungGen      total 242176K, used 11380K [0x000000076ab00000, 0x000000077c300000, 0x00000007c0000000)
  eden space 228864K, 0% used [0x000000076ab00000,0x000000076ab00000,0x0000000778a80000)
  from space 13312K, 85% used [0x0000000778a80000,0x000000077959d2e8,0x0000000779780000)
  to   space 14336K, 0% used [0x000000077b500000,0x000000077b500000,0x000000077c300000)
 ParOldGen       total 291840K, used 120416K [0x00000006c0000000, 0x00000006d1d00000, 0x000000076ab00000)
  object space 291840K, 41% used [0x00000006c0000000,0x00000006c7598348,0x00000006d1d00000)
 Metaspace       used 64539K, capacity 67194K, committed 67480K, reserved 1107968K
  class space    used 7602K, capacity 8024K, committed 8088K, reserved 1048576K
}
Event: 20.690 GC heap before
{Heap before GC invocations=23 (full 3):
 PSYoungGen      total 242176K, used 238621K [0x000000076ab00000, 0x000000077c300000, 0x00000007c0000000)
  eden space 228864K, 99% used [0x000000076ab00000,0x00000007788ea1b8,0x0000000778a80000)
  from space 13312K, 85% used [0x0000000778a80000,0x000000077959d2e8,0x0000000779780000)
  to   space 14336K, 0% used [0x000000077b500000,0x000000077b500000,0x000000077c300000)
 ParOldGen       total 291840K, used 120416K [0x00000006c0000000, 0x00000006d1d00000, 0x000000076ab00000)
  object space 291840K, 41% used [0x00000006c0000000,0x00000006c7598348,0x00000006d1d00000)
 Metaspace       used 69429K, capacity 72308K, committed 72600K, reserved 1114112K
  class space    used 8274K, capacity 8739K, committed 8856K, reserved 1048576K
Event: 20.775 GC heap after
Heap after GC invocations=23 (full 3):
 PSYoungGen      total 232960K, used 14317K [0x000000076ab00000, 0x0000000782800000, 0x00000007c0000000)
  eden space 218624K, 0% used [0x000000076ab00000,0x000000076ab00000,0x0000000778080000)
  from space 14336K, 99% used [0x000000077b500000,0x000000077c2fb498,0x000000077c300000)
  to   space 53760K, 0% used [0x0000000778080000,0x0000000778080000,0x000000077b500000)
 ParOldGen       total 291840K, used 221550K [0x00000006c0000000, 0x00000006d1d00000, 0x000000076ab00000)
  object space 291840K, 75% used [0x00000006c0000000,0x00000006cd85bb78,0x00000006d1d00000)
 Metaspace       used 69429K, capacity 72308K, committed 72600K, reserved 1114112K
  class space    used 8274K, capacity 8739K, committed 8856K, reserved 1048576K
}
Event: 22.211 GC heap before
{Heap before GC invocations=24 (full 3):
 PSYoungGen      total 232960K, used 203870K [0x000000076ab00000, 0x0000000782800000, 0x00000007c0000000)
  eden space 218624K, 86% used [0x000000076ab00000,0x000000077641c5c0,0x0000000778080000)
  from space 14336K, 99% used [0x000000077b500000,0x000000077c2fb498,0x000000077c300000)
  to   space 53760K, 0% used [0x0000000778080000,0x0000000778080000,0x000000077b500000)
 ParOldGen       total 291840K, used 221550K [0x00000006c0000000, 0x00000006d1d00000, 0x000000076ab00000)
  object space 291840K, 75% used [0x00000006c0000000,0x00000006cd85bb78,0x00000006d1d00000)
 Metaspace       used 69877K, capacity 72788K, committed 73112K, reserved 1114112K
  class space    used 8308K, capacity 8785K, committed 8856K, reserved 1048576K
Event: 22.455 GC heap after
Heap after GC invocations=24 (full 3):
 PSYoungGen      total 272384K, used 47173K [0x000000076ab00000, 0x0000000783480000, 0x00000007c0000000)
  eden space 218624K, 0% used [0x000000076ab00000,0x000000076ab00000,0x0000000778080000)
  from space 53760K, 87% used [0x0000000778080000,0x000000077ae91448,0x000000077b500000)
  to   space 60928K, 0% used [0x000000077f900000,0x000000077f900000,0x0000000783480000)
 ParOldGen       total 358400K, used 352630K [0x00000006c0000000, 0x00000006d5e00000, 0x000000076ab00000)
  object space 358400K, 98% used [0x00000006c0000000,0x00000006d585dbd8,0x00000006d5e00000)
 Metaspace       used 69877K, capacity 72788K, committed 73112K, reserved 1114112K
  class space    used 8308K, capacity 8785K, committed 8856K, reserved 1048576K
}
Event: 22.455 GC heap before
{Heap before GC invocations=25 (full 4):
 PSYoungGen      total 272384K, used 47173K [0x000000076ab00000, 0x0000000783480000, 0x00000007c0000000)
  eden space 218624K, 0% used [0x000000076ab00000,0x000000076ab00000,0x0000000778080000)
  from space 53760K, 87% used [0x0000000778080000,0x000000077ae91448,0x000000077b500000)
  to   space 60928K, 0% used [0x000000077f900000,0x000000077f900000,0x0000000783480000)
 ParOldGen       total 358400K, used 352630K [0x00000006c0000000, 0x00000006d5e00000, 0x000000076ab00000)
  object space 358400K, 98% used [0x00000006c0000000,0x00000006d585dbd8,0x00000006d5e00000)
 Metaspace       used 69877K, capacity 72788K, committed 73112K, reserved 1114112K
  class space    used 8308K, capacity 8785K, committed 8856K, reserved 1048576K
Event: 22.718 GC heap after
Heap after GC invocations=25 (full 4):
 PSYoungGen      total 272384K, used 41141K [0x000000076ab00000, 0x0000000783480000, 0x00000007c0000000)
  eden space 218624K, 0% used [0x000000076ab00000,0x000000076ab00000,0x0000000778080000)
  from space 53760K, 76% used [0x0000000778080000,0x000000077a8ad488,0x000000077b500000)
  to   space 60928K, 0% used [0x000000077f900000,0x000000077f900000,0x0000000783480000)
 ParOldGen       total 718848K, used 352437K [0x00000006c0000000, 0x00000006ebe00000, 0x000000076ab00000)
  object space 718848K, 49% used [0x00000006c0000000,0x00000006d582d4a8,0x00000006ebe00000)
 Metaspace       used 69850K, capacity 72708K, committed 73112K, reserved 1114112K
  class space    used 8298K, capacity 8769K, committed 8856K, reserved 1048576K
}
Event: 28.838 GC heap before
{Heap before GC invocations=26 (full 4):
 PSYoungGen      total 272384K, used 259765K [0x000000076ab00000, 0x0000000783480000, 0x00000007c0000000)
  eden space 218624K, 100% used [0x000000076ab00000,0x0000000778080000,0x0000000778080000)
  from space 53760K, 76% used [0x0000000778080000,0x000000077a8ad488,0x000000077b500000)
  to   space 60928K, 0% used [0x000000077f900000,0x000000077f900000,0x0000000783480000)
 ParOldGen       total 718848K, used 352437K [0x00000006c0000000, 0x00000006ebe00000, 0x000000076ab00000)
  object space 718848K, 49% used [0x00000006c0000000,0x00000006d582d4a8,0x00000006ebe00000)
 Metaspace       used 78317K, capacity 81916K, committed 82072K, reserved 1122304K
  class space    used 9259K, capacity 9863K, committed 9880K, reserved 1048576K
Event: 28.963 GC heap after
Heap after GC invocations=26 (full 4):
 PSYoungGen      total 335872K, used 48256K [0x000000076ab00000, 0x0000000783d00000, 0x00000007c0000000)
  eden space 274944K, 0% used [0x000000076ab00000,0x000000076ab00000,0x000000077b780000)
  from space 60928K, 79% used [0x000000077f900000,0x00000007828200e8,0x0000000783480000)
  to   space 67072K, 0% used [0x000000077b780000,0x000000077b780000,0x000000077f900000)
 ParOldGen       total 718848K, used 385229K [0x00000006c0000000, 0x00000006ebe00000, 0x000000076ab00000)
  object space 718848K, 53% used [0x00000006c0000000,0x00000006d78334d0,0x00000006ebe00000)
 Metaspace       used 78317K, capacity 81916K, committed 82072K, reserved 1122304K
  class space    used 9259K, capacity 9863K, committed 9880K, reserved 1048576K
}

