# JRE version: Java(TM) SE Runtime Environment (8.0_271-b09) (build 1.8.0_271-b09)
# Java VM: Java HotSpot(TM) 64-Bit Server VM (25.271-b09 mixed mode bsd-amd64 compressed oops)
Heap:
 PSYoungGen      total 247808K, used 122376K [0x0000000795580000, 0x00000007aa680000, 0x00000007c0000000)
  eden space 233472K, 51% used [0x0000000795580000,0x000000079cab60a0,0x00000007a3980000)
  from space 14336K, 16% used [0x00000007a3980000,0x00000007a3bcc020,0x00000007a4780000)
  to   space 14848K, 0% used [0x00000007a9800000,0x00000007a9800000,0x00000007aa680000)
 ParOldGen       total 110080K, used 24536K [0x0000000740000000, 0x0000000746b80000, 0x0000000795580000)
  object space 110080K, 22% used [0x0000000740000000,0x00000007417f61b8,0x0000000746b80000)
 Metaspace       used 27219K, capacity 27818K, committed 27904K, reserved 1073152K
  class space    used 3181K, capacity 3324K, committed 3328K, reserved 1048576K
GC Heap History (10 events):
Event: 23.850 GC heap before
{Heap before GC invocations=10 (full 1):
 PSYoungGen      total 136704K, used 136696K [0x0000000795580000, 0x000000079ee80000, 0x00000007c0000000)
  eden space 127488K, 100% used [0x0000000795580000,0x000000079d200000,0x000000079d200000)
  from space 9216K, 99% used [0x000000079dd00000,0x000000079e5fe010,0x000000079e600000)
  to   space 11264K, 0% used [0x000000079d200000,0x000000079d200000,0x000000079dd00000)
 ParOldGen       total 110080K, used 9892K [0x0000000740000000, 0x0000000746b80000, 0x0000000795580000)
  object space 110080K, 8% used [0x0000000740000000,0x00000007409a90e0,0x0000000746b80000)
 Metaspace       used 27140K, capacity 27668K, committed 27904K, reserved 1073152K
  class space    used 3178K, capacity 3321K, committed 3328K, reserved 1048576K
Event: 23.857 GC heap after
Heap after GC invocations=10 (full 1):
 PSYoungGen      total 138752K, used 11232K [0x0000000795580000, 0x00000007a1680000, 0x00000007c0000000)
  eden space 127488K, 0% used [0x0000000795580000,0x0000000795580000,0x000000079d200000)
  from space 11264K, 99% used [0x000000079d200000,0x000000079dcf8078,0x000000079dd00000)
  to   space 13312K, 0% used [0x00000007a0980000,0x00000007a0980000,0x00000007a1680000)
 ParOldGen       total 110080K, used 11924K [0x0000000740000000, 0x0000000746b80000, 0x0000000795580000)
  object space 110080K, 10% used [0x0000000740000000,0x0000000740ba5100,0x0000000746b80000)
 Metaspace       used 27140K, capacity 27668K, committed 27904K, reserved 1073152K
  class space    used 3178K, capacity 3321K, committed 3328K, reserved 1048576K
}
Event: 24.530 GC heap before
{Heap before GC invocations=11 (full 1):
 PSYoungGen      total 138752K, used 138720K [0x0000000795580000, 0x00000007a1680000, 0x00000007c0000000)
  eden space 127488K, 100% used [0x0000000795580000,0x000000079d200000,0x000000079d200000)
  from space 11264K, 99% used [0x000000079d200000,0x000000079dcf8078,0x000000079dd00000)
  to   space 13312K, 0% used [0x00000007a0980000,0x00000007a0980000,0x00000007a1680000)
 ParOldGen       total 110080K, used 11924K [0x0000000740000000, 0x0000000746b80000, 0x0000000795580000)
  object space 110080K, 10% used [0x0000000740000000,0x0000000740ba5100,0x0000000746b80000)
 Metaspace       used 27162K, capacity 27744K, committed 27904K, reserved 1073152K
  class space    used 3181K, capacity 3323K, committed 3328K, reserved 1048576K
Event: 24.544 GC heap after
Heap after GC invocations=11 (full 1):
 PSYoungGen      total 183296K, used 11697K [0x0000000795580000, 0x00000007a1c80000, 0x00000007c0000000)
  eden space 169984K, 0% used [0x0000000795580000,0x0000000795580000,0x000000079fb80000)
  from space 13312K, 87% used [0x00000007a0980000,0x00000007a14ec530,0x00000007a1680000)
  to   space 14336K, 0% used [0x000000079fb80000,0x000000079fb80000,0x00000007a0980000)
 ParOldGen       total 110080K, used 13142K [0x0000000740000000, 0x0000000746b80000, 0x0000000795580000)
  object space 110080K, 11% used [0x0000000740000000,0x0000000740cd5908,0x0000000746b80000)
 Metaspace       used 27162K, capacity 27744K, committed 27904K, reserved 1073152K
  class space    used 3181K, capacity 3323K, committed 3328K, reserved 1048576K
}
Event: 25.337 GC heap before
{Heap before GC invocations=12 (full 1):
 PSYoungGen      total 183296K, used 181681K [0x0000000795580000, 0x00000007a1c80000, 0x00000007c0000000)
  eden space 169984K, 100% used [0x0000000795580000,0x000000079fb80000,0x000000079fb80000)
  from space 13312K, 87% used [0x00000007a0980000,0x00000007a14ec530,0x00000007a1680000)
  to   space 14336K, 0% used [0x000000079fb80000,0x000000079fb80000,0x00000007a0980000)
 ParOldGen       total 110080K, used 13142K [0x0000000740000000, 0x0000000746b80000, 0x0000000795580000)
  object space 110080K, 11% used [0x0000000740000000,0x0000000740cd5908,0x0000000746b80000)
 Metaspace       used 27162K, capacity 27744K, committed 27904K, reserved 1073152K
  class space    used 3181K, capacity 3323K, committed 3328K, reserved 1048576K
Event: 25.349 GC heap after
Heap after GC invocations=12 (full 1):
 PSYoungGen      total 184320K, used 9872K [0x0000000795580000, 0x00000007a5700000, 0x00000007c0000000)
  eden space 169984K, 0% used [0x0000000795580000,0x0000000795580000,0x000000079fb80000)
  from space 14336K, 68% used [0x000000079fb80000,0x00000007a05243c0,0x00000007a0980000)
  to   space 14336K, 0% used [0x00000007a4900000,0x00000007a4900000,0x00000007a5700000)
 ParOldGen       total 110080K, used 15615K [0x0000000740000000, 0x0000000746b80000, 0x0000000795580000)
  object space 110080K, 14% used [0x0000000740000000,0x0000000740f3fd60,0x0000000746b80000)
 Metaspace       used 27162K, capacity 27744K, committed 27904K, reserved 1073152K
  class space    used 3181K, capacity 3323K, committed 3328K, reserved 1048576K
}
Event: 26.069 GC heap before
{Heap before GC invocations=13 (full 1):
 PSYoungGen      total 184320K, used 179856K [0x0000000795580000, 0x00000007a5700000, 0x00000007c0000000)
  eden space 169984K, 100% used [0x0000000795580000,0x000000079fb80000,0x000000079fb80000)
  from space 14336K, 68% used [0x000000079fb80000,0x00000007a05243c0,0x00000007a0980000)
  to   space 14336K, 0% used [0x00000007a4900000,0x00000007a4900000,0x00000007a5700000)
 ParOldGen       total 110080K, used 15615K [0x0000000740000000, 0x0000000746b80000, 0x0000000795580000)
  object space 110080K, 14% used [0x0000000740000000,0x0000000740f3fd60,0x0000000746b80000)
 Metaspace       used 27162K, capacity 27744K, committed 27904K, reserved 1073152K
  class space    used 3181K, capacity 3323K, committed 3328K, reserved 1048576K
Event: 26.076 GC heap after
Heap after GC invocations=13 (full 1):
 PSYoungGen      total 246272K, used 5984K [0x0000000795580000, 0x00000007a5580000, 0x00000007c0000000)
  eden space 233472K, 0% used [0x0000000795580000,0x0000000795580000,0x00000007a3980000)
  from space 12800K, 46% used [0x00000007a4900000,0x00000007a4ed8380,0x00000007a5580000)
  to   space 14336K, 0% used [0x00000007a3980000,0x00000007a3980000,0x00000007a4780000)
 ParOldGen       total 110080K, used 20087K [0x0000000740000000, 0x0000000746b80000, 0x0000000795580000)
  object space 110080K, 18% used [0x0000000740000000,0x000000074139dee0,0x0000000746b80000)
 Metaspace       used 27162K, capacity 27744K, committed 27904K, reserved 1073152K
  class space    used 3181K, capacity 3323K, committed 3328K, reserved 1048576K
}
Event: 27.184 GC heap before
{Heap before GC invocations=14 (full 1):
 PSYoungGen      total 246272K, used 239456K [0x0000000795580000, 0x00000007a5580000, 0x00000007c0000000)
  eden space 233472K, 100% used [0x0000000795580000,0x00000007a3980000,0x00000007a3980000)
  from space 12800K, 46% used [0x00000007a4900000,0x00000007a4ed8380,0x00000007a5580000)
  to   space 14336K, 0% used [0x00000007a3980000,0x00000007a3980000,0x00000007a4780000)
 ParOldGen       total 110080K, used 20087K [0x0000000740000000, 0x0000000746b80000, 0x0000000795580000)
  object space 110080K, 18% used [0x0000000740000000,0x000000074139dee0,0x0000000746b80000)
 Metaspace       used 27200K, capacity 27750K, committed 27904K, reserved 1073152K
  class space    used 3181K, capacity 3324K, committed 3328K, reserved 1048576K
Event: 27.191 GC heap after
Heap after GC invocations=14 (full 1):
 PSYoungGen      total 247808K, used 2352K [0x0000000795580000, 0x00000007aa680000, 0x00000007c0000000)
  eden space 233472K, 0% used [0x0000000795580000,0x0000000795580000,0x00000007a3980000)
  from space 14336K, 16% used [0x00000007a3980000,0x00000007a3bcc020,0x00000007a4780000)
  to   space 14848K, 0% used [0x00000007a9800000,0x00000007a9800000,0x00000007aa680000)
 ParOldGen       total 110080K, used 24536K [0x0000000740000000, 0x0000000746b80000, 0x0000000795580000)
  object space 110080K, 22% used [0x0000000740000000,0x00000007417f61b8,0x0000000746b80000)
 Metaspace       used 27200K, capacity 27750K, committed 27904K, reserved 1073152K
  class space    used 3181K, capacity 3324K, committed 3328K, reserved 1048576K
}

